<?xml version="1.0" encoding="UTF-8"?>
<!-- Generated by org.testng.reporters.JUnitReportReporter -->
<testsuite hostname="LAPTOP-7FCFOSMI" failures="0" tests="1" name="Test_ng_program.A2" time="0.001" errors="0" timestamp="2022-11-02T06:11:31 IST" skipped="0">
  <testcase classname="Test_ng_program.A2" name="TC6" time="0.001"/>
  <system-out>
    <![CDATA[running tc6]]>
  </system-out>
</testsuite> <!-- Test_ng_program.A2 -->
