<?xml version="1.0" encoding="UTF-8"?>
<!-- Generated by org.testng.reporters.JUnitReportReporter -->
<testsuite hostname="LAPTOP-7FCFOSMI" failures="0" tests="2" name="com.multibrowsing_testing.Multibrowser_open" time="8.129" errors="0" timestamp="2022-11-14T19:57:41 IST" skipped="0">
  <testcase classname="com.multibrowsing_testing.Multibrowser_open" name="TC" time="2.986"/>
  <system-out/>
  <testcase classname="com.multibrowsing_testing.Multibrowser_open" name="TC" time="5.143"/>
  <system-out/>
</testsuite> <!-- com.multibrowsing_testing.Multibrowser_open -->
