<?xml version="1.0" encoding="UTF-8"?>
<!-- Generated by org.testng.reporters.JUnitReportReporter -->
<testsuite hostname="LAPTOP-7FCFOSMI" failures="0" tests="10" name="Test_ng_program.Invocation_count" time="0.012" errors="0" timestamp="2022-10-31T17:28:53 IST" skipped="0">
  <testcase classname="Test_ng_program.Invocation_count" name="TC1" time="0.007"/>
  <system-out>
    <![CDATA[running tc1]]>
  </system-out>
  <testcase classname="Test_ng_program.Invocation_count" name="TC1" time="0.001"/>
  <system-out>
    <![CDATA[running tc1]]>
  </system-out>
  <testcase classname="Test_ng_program.Invocation_count" name="TC1" time="0.001"/>
  <system-out>
    <![CDATA[running tc1]]>
  </system-out>
  <testcase classname="Test_ng_program.Invocation_count" name="TC1" time="0.001"/>
  <system-out>
    <![CDATA[running tc1]]>
  </system-out>
  <testcase classname="Test_ng_program.Invocation_count" name="TC1" time="0.001"/>
  <system-out>
    <![CDATA[running tc1]]>
  </system-out>
  <testcase classname="Test_ng_program.Invocation_count" name="TC1" time="0.000"/>
  <system-out>
    <![CDATA[running tc1]]>
  </system-out>
  <testcase classname="Test_ng_program.Invocation_count" name="TC1" time="0.001"/>
  <system-out>
    <![CDATA[running tc1]]>
  </system-out>
  <testcase classname="Test_ng_program.Invocation_count" name="TC1" time="0.000"/>
  <system-out>
    <![CDATA[running tc1]]>
  </system-out>
  <testcase classname="Test_ng_program.Invocation_count" name="TC1" time="0.000"/>
  <system-out>
    <![CDATA[running tc1]]>
  </system-out>
  <testcase classname="Test_ng_program.Invocation_count" name="TC1" time="0.000"/>
  <system-out>
    <![CDATA[running tc1]]>
  </system-out>
</testsuite> <!-- Test_ng_program.Invocation_count -->
