<?xml version="1.0" encoding="UTF-8"?>
<!-- Generated by org.testng.reporters.JUnitReportReporter -->
<testsuite hostname="LAPTOP-7FCFOSMI" failures="0" tests="2" name="Test_ng_program.Enable" time="0.005" errors="0" timestamp="2022-10-31T17:34:20 IST" skipped="1">
  <testcase classname="Test_ng_program.Enable" name="TC2" time="0.005"/>
  <system-out>
    <![CDATA[running tc2]]>
  </system-out>
  <testcase classname="Test_ng_program.Enable" name="TC1">
    <skipped/>
  </testcase> <!-- TC1 -->
  <system-out/>
</testsuite> <!-- Test_ng_program.Enable -->
