<?xml version="1.0" encoding="UTF-8"?>
<!-- Generated by org.testng.reporters.JUnitReportReporter -->
<testsuite hostname="LAPTOP-7FCFOSMI" failures="0" tests="3" name="Test_ng_program.Priority" time="0.007" errors="0" timestamp="2022-10-31T17:31:11 IST" skipped="0">
  <testcase classname="Test_ng_program.Priority" name="TC3" time="0.006"/>
  <system-out>
    <![CDATA[running tc3]]>
  </system-out>
  <testcase classname="Test_ng_program.Priority" name="TC1" time="0.000"/>
  <system-out>
    <![CDATA[running tc1]]>
  </system-out>
  <testcase classname="Test_ng_program.Priority" name="TC2" time="0.001"/>
  <system-out>
    <![CDATA[running tc2]]>
  </system-out>
</testsuite> <!-- Test_ng_program.Priority -->
