<?xml version="1.0" encoding="UTF-8"?>
<!-- Generated by org.testng.reporters.JUnitReportReporter -->
<testsuite hostname="LAPTOP-7FCFOSMI" failures="0" tests="1" name="com.Testng_Advantages.Assert_Not_Equals" time="0.009" errors="0" timestamp="2022-11-08T17:00:00 IST" skipped="0">
  <testcase classname="com.Testng_Advantages.Assert_Not_Equals" name="TC1" time="0.009"/>
  <system-out>
    <![CDATA[TC1 is running]]>
  </system-out>
</testsuite> <!-- com.Testng_Advantages.Assert_Not_Equals -->
