<?xml version="1.0" encoding="UTF-8"?>
<!-- Generated by org.testng.reporters.JUnitReportReporter -->
<testsuite hostname="LAPTOP-7FCFOSMI" failures="0" tests="1" name="com.Testng_Advantages.Assert_Eqauls" time="0.011" errors="0" timestamp="2022-11-08T16:57:29 IST" skipped="0">
  <testcase classname="com.Testng_Advantages.Assert_Eqauls" name="TC1" time="0.011"/>
  <system-out>
    <![CDATA[TC1 is running]]>
  </system-out>
</testsuite> <!-- com.Testng_Advantages.Assert_Eqauls -->
