<?xml version="1.0" encoding="UTF-8"?>
<!-- Generated by org.testng.reporters.JUnitReportReporter -->
<testsuite hostname="LAPTOP-7FCFOSMI" failures="0" tests="1" name="Test_ng_program.Test_ng_class" time="0.007" errors="0" timestamp="2022-10-30T06:51:03 IST" skipped="0">
  <testcase classname="Test_ng_program.Test_ng_class" name="m1" time="0.007"/>
  <system-out>
    <![CDATA[HI]]>
  </system-out>
</testsuite> <!-- Test_ng_program.Test_ng_class -->
