<?xml version="1.0" encoding="UTF-8"?>
<!-- Generated by org.testng.reporters.JUnitReportReporter -->
<testsuite hostname="LAPTOP-7FCFOSMI" failures="0" tests="1" name="com.parallel_execution.Parallel3" time="5.989" errors="0" timestamp="2022-11-04T16:48:43 IST" skipped="0">
  <testcase classname="com.parallel_execution.Parallel3" name="TC1" time="5.989"/>
  <system-out/>
</testsuite> <!-- com.parallel_execution.Parallel3 -->
