<?xml version="1.0" encoding="UTF-8"?>
<!-- Generated by org.testng.reporters.JUnitReportReporter -->
<testsuite hostname="LAPTOP-7FCFOSMI" failures="0" tests="3" name="Test_ng_program.A3" time="0.016" errors="0" timestamp="2022-11-02T06:11:31 IST" skipped="0">
  <testcase classname="Test_ng_program.A3" name="TC9" time="0.007"/>
  <system-out>
    <![CDATA[running tc9]]>
  </system-out>
  <testcase classname="Test_ng_program.A3" name="TC7" time="0.008"/>
  <system-out>
    <![CDATA[running tc7]]>
  </system-out>
  <testcase classname="Test_ng_program.A3" name="TC8" time="0.001"/>
  <system-out>
    <![CDATA[running tc8]]>
  </system-out>
</testsuite> <!-- Test_ng_program.A3 -->
